\BOOKMARK [1][-]{section.1}{\376\377\000P\000r\000i\000m\000e\000r\000\040\000C\000a\000s\000o}{}% 1
\BOOKMARK [2][-]{subsection.1.1}{\376\377\000A\000n\000\341\000l\000i\000s\000i\000s\000\040\000d\000e\000l\000\040\000c\000a\000s\000o}{section.1}% 2
\BOOKMARK [3][-]{subsubsection.1.1.1}{\376\377\000I\000m\000p\000l\000i\000c\000a\000n\000c\000i\000a\000s\000\040\000d\000e\000l\000\040\000c\000a\000s\000o}{subsection.1.1}% 3
\BOOKMARK [3][-]{subsubsection.1.1.2}{\376\377\000E\000s\000t\000a\000d\000o\000\040\000a\000c\000t\000u\000a\000l\000\040\000d\000e\000l\000\040\000a\000c\000u\000s\000a\000d\000o\000/\000a}{subsection.1.1}% 4
\BOOKMARK [3][-]{subsubsection.1.1.3}{\376\377\000D\000e\000c\000l\000a\000r\000a\000c\000i\000o\000n\000e\000s}{subsection.1.1}% 5
\BOOKMARK [1][-]{section.2}{\376\377\000S\000e\000g\000u\000n\000d\000o\000\040\000C\000a\000s\000o}{}% 6
\BOOKMARK [2][-]{subsection.2.1}{\376\377\000A\000n\000\341\000l\000i\000s\000i\000s\000\040\000d\000e\000l\000\040\000c\000a\000s\000o}{section.2}% 7
\BOOKMARK [3][-]{subsubsection.2.1.1}{\376\377\000I\000m\000p\000l\000i\000c\000a\000n\000c\000i\000a\000s\000\040\000d\000e\000l\000\040\000c\000a\000s\000o}{subsection.2.1}% 8
\BOOKMARK [3][-]{subsubsection.2.1.2}{\376\377\000E\000s\000t\000a\000d\000o\000\040\000a\000c\000t\000u\000a\000l\000\040\000d\000e\000l\000\040\000a\000c\000u\000s\000a\000d\000o}{subsection.2.1}% 9
\BOOKMARK [3][-]{subsubsection.2.1.3}{\376\377\000D\000e\000c\000l\000a\000r\000a\000c\000i\000o\000n\000e\000s}{subsection.2.1}% 10
\BOOKMARK [1][-]{section.3}{\376\377\000T\000e\000r\000c\000e\000r\000\040\000C\000a\000s\000o}{}% 11
\BOOKMARK [2][-]{subsection.3.1}{\376\377\000A\000n\000\341\000l\000i\000s\000i\000s\000\040\000d\000e\000l\000\040\000c\000a\000s\000o}{section.3}% 12
\BOOKMARK [3][-]{subsubsection.3.1.1}{\376\377\000I\000m\000p\000l\000i\000c\000a\000n\000c\000i\000a\000s\000\040\000d\000e\000l\000\040\000c\000a\000s\000o}{subsection.3.1}% 13
\BOOKMARK [3][-]{subsubsection.3.1.2}{\376\377\000E\000s\000t\000a\000d\000o\000\040\000a\000c\000t\000u\000a\000l\000\040\000d\000e\000l\000\040\000a\000c\000u\000s\000a\000d\000o}{subsection.3.1}% 14
\BOOKMARK [3][-]{subsubsection.3.1.3}{\376\377\000D\000e\000c\000l\000a\000r\000a\000c\000i\000o\000n\000e\000s}{subsection.3.1}% 15
\BOOKMARK [1][-]{section.4}{\376\377\000C\000u\000a\000r\000t\000o\000\040\000C\000a\000s\000o}{}% 16
\BOOKMARK [2][-]{subsection.4.1}{\376\377\000A\000n\000\341\000l\000i\000s\000i\000s\000\040\000d\000e\000l\000\040\000c\000a\000s\000o}{section.4}% 17
\BOOKMARK [3][-]{subsubsection.4.1.1}{\376\377\000I\000m\000p\000l\000i\000c\000a\000n\000c\000i\000a\000s\000\040\000d\000e\000l\000\040\000c\000a\000s\000o}{subsection.4.1}% 18
\BOOKMARK [3][-]{subsubsection.4.1.2}{\376\377\000E\000s\000t\000a\000d\000o\000\040\000a\000c\000t\000u\000a\000l\000\040\000d\000e\000l\000\040\000a\000c\000u\000s\000a\000d\000o}{subsection.4.1}% 19
\BOOKMARK [3][-]{subsubsection.4.1.3}{\376\377\000D\000e\000c\000l\000a\000r\000a\000c\000i\000o\000n\000e\000s}{subsection.4.1}% 20
\BOOKMARK [1][-]{section.5}{\376\377\000Q\000u\000i\000n\000t\000o\000\040\000C\000a\000s\000o}{}% 21
\BOOKMARK [2][-]{subsection.5.1}{\376\377\000A\000n\000\341\000l\000i\000s\000i\000s\000\040\000d\000e\000l\000\040\000c\000a\000s\000o}{section.5}% 22
\BOOKMARK [3][-]{subsubsection.5.1.1}{\376\377\000I\000m\000p\000l\000i\000c\000a\000n\000c\000i\000a\000s\000\040\000d\000e\000l\000\040\000c\000a\000s\000o}{subsection.5.1}% 23
\BOOKMARK [3][-]{subsubsection.5.1.2}{\376\377\000E\000s\000t\000a\000d\000o\000\040\000a\000c\000t\000u\000a\000l\000\040\000d\000e\000l\000\040\000a\000c\000u\000s\000a\000d\000o}{subsection.5.1}% 24
\BOOKMARK [3][-]{subsubsection.5.1.3}{\376\377\000D\000e\000c\000l\000a\000r\000a\000c\000i\000o\000n\000e\000s}{subsection.5.1}% 25
\BOOKMARK [3][-]{subsubsection.5.1.4}{\376\377\000I\000m\000p\000a\000c\000t\000o\000\040\000e\000n\000\040\000l\000a\000\040\000c\000o\000m\000u\000n\000i\000d\000a\000d}{subsection.5.1}% 26
\BOOKMARK [1][-]{section.6}{\376\377\000C\000o\000n\000c\000l\000u\000s\000i\000\363\000n}{}% 27
\BOOKMARK [1][-]{section*.9}{\376\377\000R\000e\000f\000e\000r\000e\000n\000c\000i\000a\000s}{}% 28
